[debug] [2018-02-26T23:50:25.837Z] ----------------------------------------------------------------------
[debug] [2018-02-26T23:50:25.839Z] Command:       /usr/local/Cellar/node/9.5.0/bin/node /usr/local/bin/firebase deploy
[debug] [2018-02-26T23:50:25.840Z] CLI Version:   3.17.4
[debug] [2018-02-26T23:50:25.840Z] Platform:      darwin
[debug] [2018-02-26T23:50:25.840Z] Node Version:  v9.5.0
[debug] [2018-02-26T23:50:25.841Z] Time:          Mon Feb 26 2018 16:50:25 GMT-0700 (MST)
[debug] [2018-02-26T23:50:25.845Z] ----------------------------------------------------------------------
[debug] 
[debug] [2018-02-26T23:50:25.861Z] > command requires scopes: ["email","openid","https://www.googleapis.com/auth/cloudplatformprojects.readonly","https://www.googleapis.com/auth/firebase","https://www.googleapis.com/auth/cloud-platform"]
[debug] [2018-02-26T23:50:25.862Z] > authorizing via signed-in user
[debug] [2018-02-26T23:50:25.864Z] >>> HTTP REQUEST GET https://admin.firebase.com/v1/projects/photo-upload-79725  
  
 Mon Feb 26 2018 16:50:25 GMT-0700 (MST)
[debug] [2018-02-26T23:50:26.151Z] <<< HTTP RESPONSE 200
[debug] [2018-02-26T23:50:26.152Z] >>> HTTP REQUEST GET https://admin.firebase.com/v1/database/photo-upload-79725/tokens  
  
 Mon Feb 26 2018 16:50:26 GMT-0700 (MST)
[debug] [2018-02-26T23:50:26.462Z] <<< HTTP RESPONSE 200
[info] 
[info] === Deploying to 'photo-upload-79725'...
[info] 
[info] i  deploying functions
[info] ✔  functions: Finished running predeploy script.
[debug] [2018-02-26T23:50:26.583Z] > [functions] package.json contents: {
  "name": "functions",
  "description": "Cloud Functions for Firebase",
  "scripts": {
    "serve": "firebase serve --only functions",
    "shell": "firebase experimental:functions:shell",
    "start": "npm run shell",
    "deploy": "firebase deploy --only functions",
    "logs": "firebase functions:log"
  },
  "dependencies": {
    "@google-cloud/storage": "^1.6.0",
    "busboy": "^0.2.14",
    "child-process-promise": "^2.2.1",
    "cors": "^2.8.4",
    "firebase-admin": "~5.8.1",
    "firebase-functions": "^0.8.1"
  },
  "devDependencies": {
    "eslint": "^4.18.1",
    "eslint-plugin-promise": "^3.6.0"
  },
  "private": true
}
[info] i  functions: ensuring necessary APIs are enabled...
[debug] [2018-02-26T23:50:26.585Z] >>> HTTP REQUEST GET https://servicemanagement.googleapis.com/v1/services/cloudfunctions.googleapis.com/projectSettings/photo-upload-79725?view=CONSUMER_VIEW  
  
 Mon Feb 26 2018 16:50:26 GMT-0700 (MST)
[debug] [2018-02-26T23:50:26.586Z] >>> HTTP REQUEST GET https://servicemanagement.googleapis.com/v1/services/runtimeconfig.googleapis.com/projectSettings/photo-upload-79725?view=CONSUMER_VIEW  
  
 Mon Feb 26 2018 16:50:26 GMT-0700 (MST)
[debug] [2018-02-26T23:50:27.779Z] <<< HTTP RESPONSE 200
[debug] [2018-02-26T23:50:27.840Z] <<< HTTP RESPONSE 200
[info] ✔  functions: all necessary APIs are enabled
[debug] [2018-02-26T23:50:27.843Z] >>> HTTP REQUEST GET https://appengine.googleapis.com/v1/apps/photo-upload-79725  
  
 Mon Feb 26 2018 16:50:27 GMT-0700 (MST)
[debug] [2018-02-26T23:50:27.843Z] >>> HTTP REQUEST GET https://apikeys.googleapis.com/v1/projects/photo-upload-79725/apiKeys  
  
 Mon Feb 26 2018 16:50:27 GMT-0700 (MST)
[debug] [2018-02-26T23:50:28.228Z] <<< HTTP RESPONSE 200
[debug] [2018-02-26T23:50:28.456Z] <<< HTTP RESPONSE 200
[info] i  functions: preparing functions directory for uploading...
[debug] [2018-02-26T23:50:28.459Z] >>> HTTP REQUEST GET https://runtimeconfig.googleapis.com/v1beta1/projects/photo-upload-79725/configs  
  
 Mon Feb 26 2018 16:50:28 GMT-0700 (MST)
[debug] [2018-02-26T23:50:28.765Z] <<< HTTP RESPONSE 200
[info] i  functions: packaged functions (40.48 KB) for uploading
[debug] [2018-02-26T23:50:29.756Z] >>> HTTP REQUEST GET https://www.googleapis.com/storage/v1/b/staging.photo-upload-79725.appspot.com  
  
 Mon Feb 26 2018 16:50:29 GMT-0700 (MST)
[debug] [2018-02-26T23:50:30.119Z] <<< HTTP RESPONSE 200
[debug] [2018-02-26T23:50:30.120Z] >>> HTTP REQUEST POST https://www.googleapis.com/upload/storage/v1/b/staging.photo-upload-79725.appspot.com/o?uploadType=media&name=firebase-functions-source  
 ReadStream {
  _readableState: 
   ReadableState {
     objectMode: false,
     highWaterMark: 65536,
     buffer: BufferList { head: [Object], tail: [Object], length: 1 },
     length: 41456,
     pipes: null,
     pipesCount: 0,
     flowing: null,
     ended: true,
     endEmitted: false,
     reading: false,
     sync: false,
     needReadable: false,
     emittedReadable: true,
     readableListening: false,
     resumeScheduled: false,
     destroyed: false,
     defaultEncoding: 'utf8',
     awaitDrain: 0,
     readingMore: false,
     decoder: null,
     encoding: null },
  readable: true,
  domain: null,
  _events: { end: [Function] },
  _eventsCount: 1,
  _maxListeners: undefined,
  path: '/var/folders/tb/t12mbyf169qcd_qgkm7whj0h0000gn/T/firebase-functions-30656bGOAXtlunxe2.zip',
  fd: 19,
  flags: 'r',
  mode: 438,
  start: 0,
  end: Infinity,
  autoClose: true,
  pos: 131072,
  bytesRead: 41456,
  closed: false } 
 Mon Feb 26 2018 16:50:30 GMT-0700 (MST)
[debug] [2018-02-26T23:50:30.970Z] <<< HTTP RESPONSE 200
[info] ✔  functions: functions folder uploaded successfully
[debug] [2018-02-26T23:50:30.973Z] >>> HTTP REQUEST GET https://cloudfunctions.googleapis.com/v1/projects/photo-upload-79725/locations/us-central1/functions  
  
 Mon Feb 26 2018 16:50:30 GMT-0700 (MST)
[debug] [2018-02-26T23:50:31.589Z] <<< HTTP RESPONSE 200
[info] i  functions: updating function onFileChange...
[debug] [2018-02-26T23:50:31.592Z] Trigger is:  {"eventTrigger":{"resource":"projects/_/buckets/photo-upload-79725.appspot.com","eventType":"providers/cloud.storage/eventTypes/object.change"}}
[info] i  functions: updating function uploadFile...
[debug] [2018-02-26T23:50:31.593Z] Trigger is:  {"httpsTrigger":{}}
[debug] [2018-02-26T23:50:31.595Z] >>> HTTP REQUEST PATCH https://cloudfunctions.googleapis.com/v1/projects/photo-upload-79725/locations/us-central1/functions/onFileChange 
query params: {"updateMask":"sourceArchiveUrl,name,labels,eventTrigger.resource,eventTrigger.eventType"} 
 { sourceArchiveUrl: 'gs://staging.photo-upload-79725.appspot.com/firebase-functions-source',
  name: 'projects/photo-upload-79725/locations/us-central1/functions/onFileChange',
  labels: { 'deployment-tool': 'cli-firebase' },
  eventTrigger: 
   { resource: 'projects/_/buckets/photo-upload-79725.appspot.com',
     eventType: 'providers/cloud.storage/eventTypes/object.change' } } 
 Mon Feb 26 2018 16:50:31 GMT-0700 (MST)
[debug] [2018-02-26T23:50:31.598Z] >>> HTTP REQUEST PATCH https://cloudfunctions.googleapis.com/v1/projects/photo-upload-79725/locations/us-central1/functions/uploadFile 
query params: {"updateMask":"sourceArchiveUrl,name,labels,httpsTrigger"} 
 { sourceArchiveUrl: 'gs://staging.photo-upload-79725.appspot.com/firebase-functions-source',
  name: 'projects/photo-upload-79725/locations/us-central1/functions/uploadFile',
  labels: { 'deployment-tool': 'cli-firebase' },
  httpsTrigger: {} } 
 Mon Feb 26 2018 16:50:31 GMT-0700 (MST)
[debug] [2018-02-26T23:50:32.106Z] <<< HTTP RESPONSE 200
[debug] [2018-02-26T23:50:32.177Z] <<< HTTP RESPONSE 200
[debug] [2018-02-26T23:50:32.180Z] >>> HTTP REQUEST GET https://cloudfunctions.googleapis.com/v1/projects/photo-upload-79725/locations/us-central1/functions  
  
 Mon Feb 26 2018 16:50:32 GMT-0700 (MST)
[debug] [2018-02-26T23:50:32.455Z] <<< HTTP RESPONSE 200
[debug] [2018-02-26T23:50:32.458Z] >>> HTTP REQUEST GET https://cloudfunctions.googleapis.com/v1/operations/cGhvdG8tdXBsb2FkLTc5NzI1L3VzLWNlbnRyYWwxL29uRmlsZUNoYW5nZS9hamtDWFFXd3lSTQ  
  
 Mon Feb 26 2018 16:50:32 GMT-0700 (MST)
[debug] [2018-02-26T23:50:32.458Z] >>> HTTP REQUEST GET https://cloudfunctions.googleapis.com/v1/operations/cGhvdG8tdXBsb2FkLTc5NzI1L3VzLWNlbnRyYWwxL3VwbG9hZEZpbGUvbTc3WlhwVW9fSkE  
  
 Mon Feb 26 2018 16:50:32 GMT-0700 (MST)
[debug] [2018-02-26T23:50:32.897Z] <<< HTTP RESPONSE 200
[debug] [2018-02-26T23:50:32.906Z] <<< HTTP RESPONSE 200
[debug] [2018-02-26T23:50:34.902Z] >>> HTTP REQUEST GET https://cloudfunctions.googleapis.com/v1/operations/cGhvdG8tdXBsb2FkLTc5NzI1L3VzLWNlbnRyYWwxL3VwbG9hZEZpbGUvbTc3WlhwVW9fSkE  
  
 Mon Feb 26 2018 16:50:34 GMT-0700 (MST)
[debug] [2018-02-26T23:50:34.908Z] >>> HTTP REQUEST GET https://cloudfunctions.googleapis.com/v1/operations/cGhvdG8tdXBsb2FkLTc5NzI1L3VzLWNlbnRyYWwxL29uRmlsZUNoYW5nZS9hamtDWFFXd3lSTQ  
  
 Mon Feb 26 2018 16:50:34 GMT-0700 (MST)
[debug] [2018-02-26T23:50:35.339Z] <<< HTTP RESPONSE 200
[debug] [2018-02-26T23:50:35.344Z] <<< HTTP RESPONSE 200
[debug] [2018-02-26T23:50:37.344Z] >>> HTTP REQUEST GET https://cloudfunctions.googleapis.com/v1/operations/cGhvdG8tdXBsb2FkLTc5NzI1L3VzLWNlbnRyYWwxL3VwbG9hZEZpbGUvbTc3WlhwVW9fSkE  
  
 Mon Feb 26 2018 16:50:37 GMT-0700 (MST)
[debug] [2018-02-26T23:50:37.345Z] >>> HTTP REQUEST GET https://cloudfunctions.googleapis.com/v1/operations/cGhvdG8tdXBsb2FkLTc5NzI1L3VzLWNlbnRyYWwxL29uRmlsZUNoYW5nZS9hamtDWFFXd3lSTQ  
  
 Mon Feb 26 2018 16:50:37 GMT-0700 (MST)
[debug] [2018-02-26T23:50:37.879Z] <<< HTTP RESPONSE 200
[debug] [2018-02-26T23:50:37.884Z] <<< HTTP RESPONSE 200
[debug] [2018-02-26T23:50:39.884Z] >>> HTTP REQUEST GET https://cloudfunctions.googleapis.com/v1/operations/cGhvdG8tdXBsb2FkLTc5NzI1L3VzLWNlbnRyYWwxL3VwbG9hZEZpbGUvbTc3WlhwVW9fSkE  
  
 Mon Feb 26 2018 16:50:39 GMT-0700 (MST)
[debug] [2018-02-26T23:50:39.885Z] >>> HTTP REQUEST GET https://cloudfunctions.googleapis.com/v1/operations/cGhvdG8tdXBsb2FkLTc5NzI1L3VzLWNlbnRyYWwxL29uRmlsZUNoYW5nZS9hamtDWFFXd3lSTQ  
  
 Mon Feb 26 2018 16:50:39 GMT-0700 (MST)
